

Started GET "/" for 127.0.0.1 at 2013-07-03 22:52:31 -0400
Processing by Rails::WelcomeController#index as HTML
  Rendered c:/Ruby193/lib/ruby/gems/1.9.1/gems/railties-4.0.0/lib/rails/templates/rails/welcome/index.html.erb (22.0ms)
Completed 200 OK in 156ms (Views: 111.1ms)


Started GET "/" for 127.0.0.1 at 2013-07-03 23:10:36 -0400
Processing by Rails::WelcomeController#index as HTML
  Rendered c:/Ruby193/lib/ruby/gems/1.9.1/gems/railties-4.0.0/lib/rails/templates/rails/welcome/index.html.erb (6.0ms)
Completed 200 OK in 81ms (Views: 45.0ms)


Started GET "/phantom/" for 127.0.0.1 at 2013-07-03 23:10:42 -0400

ActionController::RoutingError (No route matches [GET] "/phantom"):
  actionpack (4.0.0) lib/action_dispatch/middleware/debug_exceptions.rb:21:in `call'
  actionpack (4.0.0) lib/action_dispatch/middleware/show_exceptions.rb:30:in `call'
  railties (4.0.0) lib/rails/rack/logger.rb:38:in `call_app'
  railties (4.0.0) lib/rails/rack/logger.rb:21:in `block in call'
  activesupport (4.0.0) lib/active_support/tagged_logging.rb:67:in `block in tagged'
  activesupport (4.0.0) lib/active_support/tagged_logging.rb:25:in `tagged'
  activesupport (4.0.0) lib/active_support/tagged_logging.rb:67:in `tagged'
  railties (4.0.0) lib/rails/rack/logger.rb:21:in `call'
  actionpack (4.0.0) lib/action_dispatch/middleware/request_id.rb:21:in `call'
  rack (1.5.2) lib/rack/methodoverride.rb:21:in `call'
  rack (1.5.2) lib/rack/runtime.rb:17:in `call'
  activesupport (4.0.0) lib/active_support/cache/strategy/local_cache.rb:83:in `call'
  rack (1.5.2) lib/rack/lock.rb:17:in `call'
  actionpack (4.0.0) lib/action_dispatch/middleware/static.rb:64:in `call'
  railties (4.0.0) lib/rails/engine.rb:511:in `call'
  railties (4.0.0) lib/rails/application.rb:97:in `call'
  rack (1.5.2) lib/rack/lock.rb:17:in `call'
  rack (1.5.2) lib/rack/content_length.rb:14:in `call'
  rack (1.5.2) lib/rack/handler/webrick.rb:60:in `service'
  c:/Ruby193/lib/ruby/1.9.1/webrick/httpserver.rb:138:in `service'
  c:/Ruby193/lib/ruby/1.9.1/webrick/httpserver.rb:94:in `run'
  c:/Ruby193/lib/ruby/1.9.1/webrick/server.rb:191:in `block in start_thread'


  Rendered c:/Ruby193/lib/ruby/gems/1.9.1/gems/actionpack-4.0.0/lib/action_dispatch/middleware/templates/rescues/_trace.erb (2.0ms)
  Rendered c:/Ruby193/lib/ruby/gems/1.9.1/gems/actionpack-4.0.0/lib/action_dispatch/middleware/templates/routes/_route.html.erb (1.0ms)
  Rendered c:/Ruby193/lib/ruby/gems/1.9.1/gems/actionpack-4.0.0/lib/action_dispatch/middleware/templates/routes/_table.html.erb (107.1ms)
  Rendered c:/Ruby193/lib/ruby/gems/1.9.1/gems/actionpack-4.0.0/lib/action_dispatch/middleware/templates/rescues/routing_error.erb within rescues/layout (302.2ms)


Started GET "/phantom/index" for 127.0.0.1 at 2013-07-03 23:10:50 -0400

ActionController::RoutingError (No route matches [GET] "/phantom/index"):
  actionpack (4.0.0) lib/action_dispatch/middleware/debug_exceptions.rb:21:in `call'
  actionpack (4.0.0) lib/action_dispatch/middleware/show_exceptions.rb:30:in `call'
  railties (4.0.0) lib/rails/rack/logger.rb:38:in `call_app'
  railties (4.0.0) lib/rails/rack/logger.rb:21:in `block in call'
  activesupport (4.0.0) lib/active_support/tagged_logging.rb:67:in `block in tagged'
  activesupport (4.0.0) lib/active_support/tagged_logging.rb:25:in `tagged'
  activesupport (4.0.0) lib/active_support/tagged_logging.rb:67:in `tagged'
  railties (4.0.0) lib/rails/rack/logger.rb:21:in `call'
  actionpack (4.0.0) lib/action_dispatch/middleware/request_id.rb:21:in `call'
  rack (1.5.2) lib/rack/methodoverride.rb:21:in `call'
  rack (1.5.2) lib/rack/runtime.rb:17:in `call'
  activesupport (4.0.0) lib/active_support/cache/strategy/local_cache.rb:83:in `call'
  rack (1.5.2) lib/rack/lock.rb:17:in `call'
  actionpack (4.0.0) lib/action_dispatch/middleware/static.rb:64:in `call'
  railties (4.0.0) lib/rails/engine.rb:511:in `call'
  railties (4.0.0) lib/rails/application.rb:97:in `call'
  rack (1.5.2) lib/rack/lock.rb:17:in `call'
  rack (1.5.2) lib/rack/content_length.rb:14:in `call'
  rack (1.5.2) lib/rack/handler/webrick.rb:60:in `service'
  c:/Ruby193/lib/ruby/1.9.1/webrick/httpserver.rb:138:in `service'
  c:/Ruby193/lib/ruby/1.9.1/webrick/httpserver.rb:94:in `run'
  c:/Ruby193/lib/ruby/1.9.1/webrick/server.rb:191:in `block in start_thread'


  Rendered c:/Ruby193/lib/ruby/gems/1.9.1/gems/actionpack-4.0.0/lib/action_dispatch/middleware/templates/rescues/_trace.erb (1.0ms)
  Rendered c:/Ruby193/lib/ruby/gems/1.9.1/gems/actionpack-4.0.0/lib/action_dispatch/middleware/templates/routes/_route.html.erb (1.0ms)
  Rendered c:/Ruby193/lib/ruby/gems/1.9.1/gems/actionpack-4.0.0/lib/action_dispatch/middleware/templates/routes/_table.html.erb (2.0ms)
  Rendered c:/Ruby193/lib/ruby/gems/1.9.1/gems/actionpack-4.0.0/lib/action_dispatch/middleware/templates/rescues/routing_error.erb within rescues/layout (59.0ms)


Started GET "/screenshot" for 127.0.0.1 at 2013-07-03 23:10:57 -0400

ActionController::RoutingError (No route matches [GET] "/screenshot"):
  actionpack (4.0.0) lib/action_dispatch/middleware/debug_exceptions.rb:21:in `call'
  actionpack (4.0.0) lib/action_dispatch/middleware/show_exceptions.rb:30:in `call'
  railties (4.0.0) lib/rails/rack/logger.rb:38:in `call_app'
  railties (4.0.0) lib/rails/rack/logger.rb:21:in `block in call'
  activesupport (4.0.0) lib/active_support/tagged_logging.rb:67:in `block in tagged'
  activesupport (4.0.0) lib/active_support/tagged_logging.rb:25:in `tagged'
  activesupport (4.0.0) lib/active_support/tagged_logging.rb:67:in `tagged'
  railties (4.0.0) lib/rails/rack/logger.rb:21:in `call'
  actionpack (4.0.0) lib/action_dispatch/middleware/request_id.rb:21:in `call'
  rack (1.5.2) lib/rack/methodoverride.rb:21:in `call'
  rack (1.5.2) lib/rack/runtime.rb:17:in `call'
  activesupport (4.0.0) lib/active_support/cache/strategy/local_cache.rb:83:in `call'
  rack (1.5.2) lib/rack/lock.rb:17:in `call'
  actionpack (4.0.0) lib/action_dispatch/middleware/static.rb:64:in `call'
  railties (4.0.0) lib/rails/engine.rb:511:in `call'
  railties (4.0.0) lib/rails/application.rb:97:in `call'
  rack (1.5.2) lib/rack/lock.rb:17:in `call'
  rack (1.5.2) lib/rack/content_length.rb:14:in `call'
  rack (1.5.2) lib/rack/handler/webrick.rb:60:in `service'
  c:/Ruby193/lib/ruby/1.9.1/webrick/httpserver.rb:138:in `service'
  c:/Ruby193/lib/ruby/1.9.1/webrick/httpserver.rb:94:in `run'
  c:/Ruby193/lib/ruby/1.9.1/webrick/server.rb:191:in `block in start_thread'


  Rendered c:/Ruby193/lib/ruby/gems/1.9.1/gems/actionpack-4.0.0/lib/action_dispatch/middleware/templates/rescues/_trace.erb (2.0ms)
  Rendered c:/Ruby193/lib/ruby/gems/1.9.1/gems/actionpack-4.0.0/lib/action_dispatch/middleware/templates/routes/_route.html.erb (1.0ms)
  Rendered c:/Ruby193/lib/ruby/gems/1.9.1/gems/actionpack-4.0.0/lib/action_dispatch/middleware/templates/routes/_table.html.erb (1.0ms)
  Rendered c:/Ruby193/lib/ruby/gems/1.9.1/gems/actionpack-4.0.0/lib/action_dispatch/middleware/templates/rescues/routing_error.erb within rescues/layout (60.0ms)


Started GET "/screenshot/index" for 127.0.0.1 at 2013-07-03 23:11:01 -0400
Processing by ScreenshotController#index as HTML
  Rendered screenshot/index.html.erb within layouts/application (0.0ms)
Completed 200 OK in 2292ms (Views: 2291.5ms)


Started GET "/assets/application.css?body=1" for 127.0.0.1 at 2013-07-03 23:11:03 -0400


Started GET "/assets/jquery.js?body=1" for 127.0.0.1 at 2013-07-03 23:11:04 -0400


Started GET "/assets/screenshot.css?body=1" for 127.0.0.1 at 2013-07-03 23:11:04 -0400


Started GET "/assets/jquery_ujs.js?body=1" for 127.0.0.1 at 2013-07-03 23:11:04 -0400


Started GET "/assets/turbolinks.js?body=1" for 127.0.0.1 at 2013-07-03 23:11:04 -0400


Started GET "/assets/screenshot.js?body=1" for 127.0.0.1 at 2013-07-03 23:11:04 -0400


Started GET "/assets/application.js?body=1" for 127.0.0.1 at 2013-07-03 23:11:04 -0400


Started GET "/" for 127.0.0.1 at 2013-12-09 23:16:24 -0500
Processing by Rails::WelcomeController#index as HTML
  Rendered C:/Ruby193/lib/ruby/gems/1.9.1/gems/railties-4.0.0/lib/rails/templates/rails/welcome/index.html.erb (38.0ms)
Completed 200 OK in 206ms (Views: 156.6ms)


Started GET "/screenshot" for 127.0.0.1 at 2013-12-09 23:16:29 -0500

ActionController::RoutingError (No route matches [GET] "/screenshot"):
  actionpack (4.0.0) lib/action_dispatch/middleware/debug_exceptions.rb:21:in `call'
  actionpack (4.0.0) lib/action_dispatch/middleware/show_exceptions.rb:30:in `call'
  railties (4.0.0) lib/rails/rack/logger.rb:38:in `call_app'
  railties (4.0.0) lib/rails/rack/logger.rb:21:in `block in call'
  activesupport (4.0.0) lib/active_support/tagged_logging.rb:67:in `block in tagged'
  activesupport (4.0.0) lib/active_support/tagged_logging.rb:25:in `tagged'
  activesupport (4.0.0) lib/active_support/tagged_logging.rb:67:in `tagged'
  railties (4.0.0) lib/rails/rack/logger.rb:21:in `call'
  actionpack (4.0.0) lib/action_dispatch/middleware/request_id.rb:21:in `call'
  rack (1.5.2) lib/rack/methodoverride.rb:21:in `call'
  rack (1.5.2) lib/rack/runtime.rb:17:in `call'
  activesupport (4.0.0) lib/active_support/cache/strategy/local_cache.rb:83:in `call'
  rack (1.5.2) lib/rack/lock.rb:17:in `call'
  actionpack (4.0.0) lib/action_dispatch/middleware/static.rb:64:in `call'
  railties (4.0.0) lib/rails/engine.rb:511:in `call'
  railties (4.0.0) lib/rails/application.rb:97:in `call'
  rack (1.5.2) lib/rack/lock.rb:17:in `call'
  rack (1.5.2) lib/rack/content_length.rb:14:in `call'
  rack (1.5.2) lib/rack/handler/webrick.rb:60:in `service'
  C:/Ruby193/lib/ruby/1.9.1/webrick/httpserver.rb:138:in `service'
  C:/Ruby193/lib/ruby/1.9.1/webrick/httpserver.rb:94:in `run'
  C:/Ruby193/lib/ruby/1.9.1/webrick/server.rb:191:in `block in start_thread'


  Rendered C:/Ruby193/lib/ruby/gems/1.9.1/gems/actionpack-4.0.0/lib/action_dispatch/middleware/templates/rescues/_trace.erb (3.0ms)
  Rendered C:/Ruby193/lib/ruby/gems/1.9.1/gems/actionpack-4.0.0/lib/action_dispatch/middleware/templates/routes/_route.html.erb (1.0ms)
  Rendered C:/Ruby193/lib/ruby/gems/1.9.1/gems/actionpack-4.0.0/lib/action_dispatch/middleware/templates/routes/_table.html.erb (86.3ms)
  Rendered C:/Ruby193/lib/ruby/gems/1.9.1/gems/actionpack-4.0.0/lib/action_dispatch/middleware/templates/rescues/routing_error.erb within rescues/layout (342.0ms)


Started GET "/screenshot/index/" for 127.0.0.1 at 2013-12-09 23:16:54 -0500
Processing by ScreenshotController#index as HTML
  Rendered screenshot/index.html.erb within layouts/application (0.0ms)
Completed 200 OK in 2827ms (Views: 2825.6ms)


Started GET "/assets/screenshot.css?body=1" for 127.0.0.1 at 2013-12-09 23:16:57 -0500


Started GET "/assets/application.css?body=1" for 127.0.0.1 at 2013-12-09 23:16:57 -0500


Started GET "/assets/jquery.js?body=1" for 127.0.0.1 at 2013-12-09 23:16:57 -0500


Started GET "/assets/jquery_ujs.js?body=1" for 127.0.0.1 at 2013-12-09 23:16:57 -0500


Started GET "/assets/turbolinks.js?body=1" for 127.0.0.1 at 2013-12-09 23:16:57 -0500


Started GET "/assets/application.js?body=1" for 127.0.0.1 at 2013-12-09 23:16:57 -0500


Started GET "/assets/screenshot.js?body=1" for 127.0.0.1 at 2013-12-09 23:16:57 -0500


Started GET "/screenshot/index?url=www.amazon.com" for 127.0.0.1 at 2013-12-09 23:17:13 -0500
Processing by ScreenshotController#index as HTML
  Parameters: {"url"=>"www.amazon.com"}
  Rendered screenshot/index.html.erb within layouts/application (0.0ms)
Completed 200 OK in 58ms (Views: 51.0ms)


Started GET "/screenshot/index?url=http://www.amazon.com" for 127.0.0.1 at 2013-12-09 23:17:28 -0500
Processing by ScreenshotController#index as HTML
  Parameters: {"url"=>"http://www.amazon.com"}
  Rendered screenshot/index.html.erb within layouts/application (0.0ms)
Completed 200 OK in 42ms (Views: 37.0ms)


Started GET "/screenshot/index/url=http://www.amazon.com" for 127.0.0.1 at 2013-12-09 23:17:34 -0500

ActionController::RoutingError (No route matches [GET] "/screenshot/index/url=http:/www.amazon.com"):
  actionpack (4.0.0) lib/action_dispatch/middleware/debug_exceptions.rb:21:in `call'
  actionpack (4.0.0) lib/action_dispatch/middleware/show_exceptions.rb:30:in `call'
  railties (4.0.0) lib/rails/rack/logger.rb:38:in `call_app'
  railties (4.0.0) lib/rails/rack/logger.rb:21:in `block in call'
  activesupport (4.0.0) lib/active_support/tagged_logging.rb:67:in `block in tagged'
  activesupport (4.0.0) lib/active_support/tagged_logging.rb:25:in `tagged'
  activesupport (4.0.0) lib/active_support/tagged_logging.rb:67:in `tagged'
  railties (4.0.0) lib/rails/rack/logger.rb:21:in `call'
  actionpack (4.0.0) lib/action_dispatch/middleware/request_id.rb:21:in `call'
  rack (1.5.2) lib/rack/methodoverride.rb:21:in `call'
  rack (1.5.2) lib/rack/runtime.rb:17:in `call'
  activesupport (4.0.0) lib/active_support/cache/strategy/local_cache.rb:83:in `call'
  rack (1.5.2) lib/rack/lock.rb:17:in `call'
  actionpack (4.0.0) lib/action_dispatch/middleware/static.rb:64:in `call'
  railties (4.0.0) lib/rails/engine.rb:511:in `call'
  railties (4.0.0) lib/rails/application.rb:97:in `call'
  rack (1.5.2) lib/rack/lock.rb:17:in `call'
  rack (1.5.2) lib/rack/content_length.rb:14:in `call'
  rack (1.5.2) lib/rack/handler/webrick.rb:60:in `service'
  C:/Ruby193/lib/ruby/1.9.1/webrick/httpserver.rb:138:in `service'
  C:/Ruby193/lib/ruby/1.9.1/webrick/httpserver.rb:94:in `run'
  C:/Ruby193/lib/ruby/1.9.1/webrick/server.rb:191:in `block in start_thread'


  Rendered C:/Ruby193/lib/ruby/gems/1.9.1/gems/actionpack-4.0.0/lib/action_dispatch/middleware/templates/rescues/_trace.erb (2.0ms)
  Rendered C:/Ruby193/lib/ruby/gems/1.9.1/gems/actionpack-4.0.0/lib/action_dispatch/middleware/templates/routes/_route.html.erb (2.0ms)
  Rendered C:/Ruby193/lib/ruby/gems/1.9.1/gems/actionpack-4.0.0/lib/action_dispatch/middleware/templates/routes/_table.html.erb (2.0ms)
  Rendered C:/Ruby193/lib/ruby/gems/1.9.1/gems/actionpack-4.0.0/lib/action_dispatch/middleware/templates/rescues/routing_error.erb within rescues/layout (181.0ms)


Started GET "/screenshot/index?url=http://www.amazon.com" for 127.0.0.1 at 2013-12-09 23:17:39 -0500
Processing by ScreenshotController#index as HTML
  Parameters: {"url"=>"http://www.amazon.com"}
  Rendered screenshot/index.html.erb within layouts/application (0.0ms)
Completed 200 OK in 30ms (Views: 27.0ms)


Started GET "/screenshot/index?url=http://www.bing.com" for 127.0.0.1 at 2013-12-09 23:17:51 -0500
Processing by ScreenshotController#index as HTML
  Parameters: {"url"=>"http://www.bing.com"}
  Rendered screenshot/index.html.erb within layouts/application (0.0ms)
Completed 200 OK in 15ms (Views: 13.0ms)


Started GET "/screenshot/index?url=http://www.bing.com" for 127.0.0.1 at 2013-12-09 23:20:22 -0500
Processing by ScreenshotController#index as HTML
  Parameters: {"url"=>"http://www.bing.com"}
  Rendered screenshot/index.html.erb within layouts/application (1.0ms)
Completed 200 OK in 1448ms (Views: 15.0ms)


Started GET "/assets/application.css?body=1" for 127.0.0.1 at 2013-12-09 23:20:24 -0500


Started GET "/assets/screenshot.css?body=1" for 127.0.0.1 at 2013-12-09 23:20:24 -0500


Started GET "/assets/jquery.js?body=1" for 127.0.0.1 at 2013-12-09 23:20:24 -0500


Started GET "/assets/jquery_ujs.js?body=1" for 127.0.0.1 at 2013-12-09 23:20:24 -0500


Started GET "/assets/turbolinks.js?body=1" for 127.0.0.1 at 2013-12-09 23:20:24 -0500


Started GET "/assets/screenshot.js?body=1" for 127.0.0.1 at 2013-12-09 23:20:24 -0500


Started GET "/assets/application.js?body=1" for 127.0.0.1 at 2013-12-09 23:20:24 -0500


Started GET "/screenshot/index?url=http://www.amazon.com" for 127.0.0.1 at 2013-12-09 23:20:31 -0500
Processing by ScreenshotController#index as HTML
  Parameters: {"url"=>"http://www.amazon.com"}
  Rendered screenshot/index.html.erb within layouts/application (5.0ms)
Completed 200 OK in 2703ms (Views: 33.0ms)


Started GET "/assets/jquery_ujs.js?body=1" for 127.0.0.1 at 2013-12-09 23:20:34 -0500


Started GET "/assets/jquery.js?body=1" for 127.0.0.1 at 2013-12-09 23:20:34 -0500


Started GET "/assets/screenshot.css?body=1" for 127.0.0.1 at 2013-12-09 23:20:34 -0500


Started GET "/assets/turbolinks.js?body=1" for 127.0.0.1 at 2013-12-09 23:20:34 -0500


Started GET "/assets/application.css?body=1" for 127.0.0.1 at 2013-12-09 23:20:34 -0500


Started GET "/assets/screenshot.js?body=1" for 127.0.0.1 at 2013-12-09 23:20:34 -0500


Started GET "/assets/application.js?body=1" for 127.0.0.1 at 2013-12-09 23:20:34 -0500
